<?xml version="1.0" encoding="UTF-8"?>
<!-- Generated by org.testng.reporters.JUnitReportReporter -->
<testsuite hostname="DESKTOP-0PAN3HO" failures="0" tests="1" name="demo_module.SumValidation" time="2.213" errors="0" timestamp="2025-07-21T01:39:37 EDT" skipped="0">
  <testcase classname="demo_module.SumValidation" name="sumValidation" time="2.213"/>
</testsuite> <!-- demo_module.SumValidation -->
